生成启动时间为 2018/5/22 16:33:53。
     1>项目“D:\Personal Files\Visual Studio Projects\Server\Server\Server.vcxproj”在节点 2 上(Build 个目标)。
     1>CustomBuild:
         Moc'ing server.h...
         Moc'ing clientWindow.h...
     1>C:\Program Files (x86)\MSBuild\Microsoft.Cpp\v4.0\V120\Microsoft.CppBuild.targets(935,5): warning MSB8027: Two or more files with the name of moc_clientWindow.cpp will produce outputs to the same location. This can lead to an incorrect build result.  The files involved are GeneratedFiles\Debug\moc_clientWindow.cpp, GeneratedFiles\Release\moc_clientWindow.cpp.
     1>C:\Program Files (x86)\MSBuild\Microsoft.Cpp\v4.0\V120\Microsoft.CppBuild.targets(935,5): warning MSB8027: Two or more files with the name of moc_server.cpp will produce outputs to the same location. This can lead to an incorrect build result.  The files involved are GeneratedFiles\Debug\moc_server.cpp, GeneratedFiles\Release\moc_server.cpp.
       ClCompile:
         D:\Program Files (x86)\Microsoft Visual Studio 12.0\VC\bin\CL.exe /c /I.\GeneratedFiles /I. /ID:\Qt\5.7\msvc2013\include /I.\GeneratedFiles\Release /ID:\Qt\5.7\msvc2013\include\QtCore /ID:\Qt\5.7\msvc2013\include\QtGui /ID:\Qt\5.7\msvc2013\include\QtWidgets /nologo /W1 /WX- /O2 /Oy- /D UNICODE /D WIN32 /D WIN64 /D QT_DLL /D QT_NO_DEBUG /D NDEBUG /D QT_CORE_LIB /D QT_GUI_LIB /D QT_WIDGETS_LIB /Gm- /EHsc /MD /GS /fp:precise /Zc:wchar_t /Zc:forScope /Fo"Release\\" /Fd"Release\vc120.pdb" /Gd /TP /analyze- /errorReport:prompt GeneratedFiles\Release\moc_clientWindow.cpp GeneratedFiles\Release\moc_server.cpp Socket.cpp clientWindow.cpp main.cpp myThread.cpp server.cpp
         moc_clientWindow.cpp
         moc_server.cpp
         Socket.cpp
         clientWindow.cpp
         main.cpp
         myThread.cpp
         server.cpp
         正在生成代码...
       Link:
         D:\Program Files (x86)\Microsoft Visual Studio 12.0\VC\bin\link.exe /ERRORREPORT:PROMPT /OUT:"D:\Personal Files\Visual Studio Projects\Server\Win32\Release\\Server.exe" /NOLOGO /LIBPATH:D:\Qt\5.7\msvc2013\lib qtmain.lib Qt5Core.lib Qt5Gui.lib Qt5Widgets.lib kernel32.lib user32.lib gdi32.lib winspool.lib comdlg32.lib advapi32.lib shell32.lib ole32.lib oleaut32.lib uuid.lib odbc32.lib odbccp32.lib /MANIFEST /MANIFESTUAC:"level='asInvoker' uiAccess='false'" /manifest:embed /PDB:"D:\Personal Files\Visual Studio Projects\Server\Win32\Release\Server.pdb" /SUBSYSTEM:WINDOWS /TLBID:1 /DYNAMICBASE /NXCOMPAT /IMPLIB:"D:\Personal Files\Visual Studio Projects\Server\Win32\Release\Server.lib" /MACHINE:X86 /SAFESEH Release\clientWindow.obj
         Release\qrc_server.obj
         Release\moc_clientWindow.obj
         Release\moc_server.obj
         Release\Log_jing.obj
         Release\main.obj
         Release\myThread.obj
         Release\server.obj
         Release\Socket.obj
         Server.vcxproj -> D:\Personal Files\Visual Studio Projects\Server\Win32\Release\Server.exe
     1>已完成生成项目“D:\Personal Files\Visual Studio Projects\Server\Server\Server.vcxproj”(Build 个目标)的操作。

生成成功。

已用时间 00:00:10.67
