生成启动时间为 2018/5/22 16:20:37。
     1>项目“D:\Personal Files\Visual Studio Projects\Server\Server\Server.vcxproj”在节点 2 上(Build 个目标)。
     1>C:\Program Files (x86)\MSBuild\Microsoft.Cpp\v4.0\V120\Microsoft.CppBuild.targets(935,5): warning MSB8027: Two or more files with the name of moc_clientWindow.cpp will produce outputs to the same location. This can lead to an incorrect build result.  The files involved are GeneratedFiles\Debug\moc_clientWindow.cpp, GeneratedFiles\Release\moc_clientWindow.cpp.
     1>C:\Program Files (x86)\MSBuild\Microsoft.Cpp\v4.0\V120\Microsoft.CppBuild.targets(935,5): warning MSB8027: Two or more files with the name of moc_server.cpp will produce outputs to the same location. This can lead to an incorrect build result.  The files involved are GeneratedFiles\Debug\moc_server.cpp, GeneratedFiles\Release\moc_server.cpp.
     1>ClCompile:
         D:\Program Files (x86)\Microsoft Visual Studio 12.0\VC\bin\CL.exe /c /I.\GeneratedFiles /I. /ID:\Qt\5.7\msvc2013\include /I.\GeneratedFiles\Debug /ID:\Qt\5.7\msvc2013\include\QtCore /ID:\Qt\5.7\msvc2013\include\QtGui /ID:\Qt\5.7\msvc2013\include\QtWidgets /Zi /nologo /W1 /WX- /Od /Oy- /D UNICODE /D WIN32 /D WIN64 /D QT_DLL /D QT_CORE_LIB /D QT_GUI_LIB /D QT_WIDGETS_LIB /Gm- /EHsc /MDd /GS /fp:precise /Zc:wchar_t /Zc:forScope /Fo"Debug\\" /Fd"Debug\vc120.pdb" /Gd /TP /analyze- /errorReport:prompt clientWindow.cpp
         clientWindow.cpp
       Link:
         D:\Program Files (x86)\Microsoft Visual Studio 12.0\VC\bin\link.exe /ERRORREPORT:PROMPT /OUT:"D:\Personal Files\Visual Studio Projects\Server\Win32\Debug\\Server.exe" /NOLOGO /LIBPATH:D:\Qt\5.7\msvc2013\lib qtmaind.lib Qt5Cored.lib Qt5Guid.lib Qt5Widgetsd.lib kernel32.lib user32.lib gdi32.lib winspool.lib comdlg32.lib advapi32.lib shell32.lib ole32.lib oleaut32.lib uuid.lib odbc32.lib odbccp32.lib /MANIFEST /MANIFESTUAC:"level='asInvoker' uiAccess='false'" /manifest:embed /DEBUG /PDB:"D:\Personal Files\Visual Studio Projects\Server\Win32\Debug\Server.pdb" /SUBSYSTEM:WINDOWS /TLBID:1 /DYNAMICBASE /NXCOMPAT /IMPLIB:"D:\Personal Files\Visual Studio Projects\Server\Win32\Debug\Server.lib" /MACHINE:X86 /SAFESEH Debug\clientWindow.obj
         Debug\moc_clientWindow.obj
         Debug\moc_server.obj
         Debug\qrc_server.obj
         Debug\Log_jing.obj
         Debug\main.obj
         Debug\myThread.obj
         Debug\server.obj
         Debug\Socket.obj
         Server.vcxproj -> D:\Personal Files\Visual Studio Projects\Server\Win32\Debug\Server.exe
     1>已完成生成项目“D:\Personal Files\Visual Studio Projects\Server\Server\Server.vcxproj”(Build 个目标)的操作。

生成成功。

已用时间 00:00:02.25
