d:\personal files\visual studio projects\server\server\debug\vc120.pdb
d:\personal files\visual studio projects\server\server\debug\socket.obj
d:\personal files\visual studio projects\server\server\debug\server.obj
d:\personal files\visual studio projects\server\server\debug\mythread.obj
d:\personal files\visual studio projects\server\server\debug\main.obj
d:\personal files\visual studio projects\server\server\debug\log_jing.obj
d:\personal files\visual studio projects\server\server\debug\moc_server.obj
d:\personal files\visual studio projects\server\server\debug\moc_clientwindow.obj
d:\personal files\visual studio projects\server\server\debug\clientwindow.obj
d:\personal files\visual studio projects\server\server\debug\qrc_server.obj
d:\personal files\visual studio projects\server\server\generatedfiles\ui_server.h
d:\personal files\visual studio projects\server\server\generatedfiles\qrc_server.cpp
d:\personal files\visual studio projects\server\server\generatedfiles\debug\moc_clientwindow.cpp
d:\personal files\visual studio projects\server\server\generatedfiles\debug\moc_server.cpp
d:\personal files\visual studio projects\server\win32\debug\server.ilk
d:\personal files\visual studio projects\server\win32\debug\server.exe
d:\personal files\visual studio projects\server\win32\debug\server.pdb
d:\personal files\visual studio projects\server\server\debug\server.tlog\cl.command.1.tlog
d:\personal files\visual studio projects\server\server\debug\server.tlog\cl.read.1.tlog
d:\personal files\visual studio projects\server\server\debug\server.tlog\cl.write.1.tlog
d:\personal files\visual studio projects\server\server\debug\server.tlog\custombuild.command.1.tlog
d:\personal files\visual studio projects\server\server\debug\server.tlog\custombuild.read.1.tlog
d:\personal files\visual studio projects\server\server\debug\server.tlog\custombuild.write.1.tlog
d:\personal files\visual studio projects\server\server\debug\server.tlog\link.command.1.tlog
d:\personal files\visual studio projects\server\server\debug\server.tlog\link.read.1.tlog
d:\personal files\visual studio projects\server\server\debug\server.tlog\link.write.1.tlog
